 ** 
Media toevoegen
Invoegen
 ** 
Media toevoegen
Invoegen
Markeerteken toevoegen
Tijd markeerteken instellen
Tijd markeerteken instellen
Selectie optillen en invoegen
Tracks toevoegen
Selectie optillen en invoegen
Undo Selectie optillen en invoegen
Menumarkeertekens toevoegen
Selectie optillen en invoegen
Maatmarkeerteken toevoegen
Maatmarkeerteken toevoegen
Menumarkeertekens toevoegen
Tijd menumarkeerteken instellen
Selectie optillen en invoegen
Selectie optillen en invoegen
Markeerteken toevoegen
Markeerteken toevoegen
Selectie optillen en invoegen
Markeerteken toevoegen
Markeerteken toevoegen
Bijsnijden
Bijsnijden
Bijsnijden
Bijsnijden
Bijsnijden
Bijsnijden
Bijsnijden
Rimpel bijsnijden
Rimpel bijsnijden
Rimpel bijsnijden
Rimpel bijsnijden
Rimpel bijsnijden
Rimpel bijsnijden
Rimpel bijsnijden
Rimpel bijsnijden
Selectie optillen en invoegen
Rimpel bijsnijden
Bijsnijden
Bijsnijden
Bijsnijden
Bijsnijden
Bijsnijden
Bijsnijden
Bijsnijden
Bijsnijden
Bijsnijden
Selectie optillen en invoegen
Selectie optillen en invoegen
Selectie optillen en invoegen
Uitlijnen op maatmarkeertekens
Selectie optillen en invoegen
Selectie optillen en invoegen
Selectie optillen en invoegen
Rimpel bijsnijden
Rimpel bijsnijden
Rimpel bijsnijden
Rimpel bijsnijden
Rimpel bijsnijden
Rimpel bijsnijden
